Release 14.7 - xst P.20131013 (lin64)
Copyright (c) 1995-2013 Xilinx, Inc.  All rights reserved.
--> 
Parameter TMPDIR set to xst/projnav.tmp


Total REAL time to Xst completion: 0.00 secs
Total CPU time to Xst completion: 0.08 secs
 
--> 
Parameter xsthdpdir set to xst


Total REAL time to Xst completion: 0.00 secs
Total CPU time to Xst completion: 0.08 secs
 
--> 
Reading design: simpleCounter.prj

TABLE OF CONTENTS
  1) Synthesis Options Summary
  2) HDL Compilation
  3) Design Hierarchy Analysis
  4) HDL Analysis
  5) HDL Synthesis
     5.1) HDL Synthesis Report
  6) Advanced HDL Synthesis
     6.1) Advanced HDL Synthesis Report
  7) Low Level Synthesis
  8) Partition Report
  9) Final Report
	9.1) Device utilization summary
	9.2) Partition Resource Summary
	9.3) TIMING REPORT


=========================================================================
*                      Synthesis Options Summary                        *
=========================================================================
---- Source Parameters
Input File Name                    : "simpleCounter.prj"
Input Format                       : mixed
Ignore Synthesis Constraint File   : NO

---- Target Parameters
Output File Name                   : "simpleCounter"
Output Format                      : NGC
Target Device                      : xc3s700an-4-fgg484

---- Source Options
Top Module Name                    : simpleCounter
Automatic FSM Extraction           : YES
FSM Encoding Algorithm             : Auto
Safe Implementation                : No
FSM Style                          : LUT
RAM Extraction                     : Yes
RAM Style                          : Auto
ROM Extraction                     : Yes
Mux Style                          : Auto
Decoder Extraction                 : YES
Priority Encoder Extraction        : Yes
Shift Register Extraction          : YES
Logical Shifter Extraction         : YES
XOR Collapsing                     : YES
ROM Style                          : Auto
Mux Extraction                     : Yes
Resource Sharing                   : YES
Asynchronous To Synchronous        : NO
Multiplier Style                   : Auto
Automatic Register Balancing       : No

---- Target Options
Add IO Buffers                     : YES
Global Maximum Fanout              : 500
Add Generic Clock Buffer(BUFG)     : 24
Register Duplication               : YES
Slice Packing                      : YES
Optimize Instantiated Primitives   : NO
Use Clock Enable                   : Yes
Use Synchronous Set                : Yes
Use Synchronous Reset              : Yes
Pack IO Registers into IOBs        : Auto
Equivalent register Removal        : YES

---- General Options
Optimization Goal                  : Speed
Optimization Effort                : 1
Keep Hierarchy                     : No
Netlist Hierarchy                  : As_Optimized
RTL Output                         : Yes
Global Optimization                : AllClockNets
Read Cores                         : YES
Write Timing Constraints           : NO
Cross Clock Analysis               : NO
Hierarchy Separator                : /
Bus Delimiter                      : <>
Case Specifier                     : Maintain
Slice Utilization Ratio            : 100
BRAM Utilization Ratio             : 100
Verilog 2001                       : YES
Auto BRAM Packing                  : NO
Slice Utilization Ratio Delta      : 5

=========================================================================


=========================================================================
*                          HDL Compilation                              *
=========================================================================
Compiling verilog file "module_frequencyDivider.v" in library work
Compiling verilog file "module_counter_8_bit.v" in library work
Module <Module_FrequencyDivider> compiled
Compiling verilog file "simpleCounter.v" in library work
Module <Module_Counter_8_bit> compiled
Module <simpleCounter> compiled
No errors in compilation
Analysis of file <"simpleCounter.prj"> succeeded.
 

=========================================================================
*                     Design Hierarchy Analysis                         *
=========================================================================
Analyzing hierarchy for module <simpleCounter> in library <work>.

Analyzing hierarchy for module <Module_FrequencyDivider> in library <work>.

Analyzing hierarchy for module <Module_Counter_8_bit> in library <work>.


=========================================================================
*                            HDL Analysis                               *
=========================================================================
Analyzing top module <simpleCounter>.
Module <simpleCounter> is correct for synthesis.
 
Analyzing module <Module_FrequencyDivider> in library <work>.
Module <Module_FrequencyDivider> is correct for synthesis.
 
Analyzing module <Module_Counter_8_bit> in library <work>.
Module <Module_Counter_8_bit> is correct for synthesis.
 

=========================================================================
*                           HDL Synthesis                               *
=========================================================================

Performing bidirectional port resolution...

Synthesizing Unit <Module_FrequencyDivider>.
    Related source file is "module_frequencyDivider.v".
    Found 1-bit register for signal <clk_out>.
    Found 30-bit up counter for signal <counter>.
    Found 32-bit comparator greatequal for signal <counter$cmp_ge0000> created at line 16.
    Summary:
	inferred   1 Counter(s).
	inferred   1 D-type flip-flop(s).
	inferred   1 Comparator(s).
Unit <Module_FrequencyDivider> synthesized.


Synthesizing Unit <Module_Counter_8_bit>.
    Related source file is "module_counter_8_bit.v".
    Found 1-bit register for signal <carry>.
    Found 8-bit up counter for signal <out>.
    Found 8-bit comparator greatequal for signal <out$cmp_ge0000> created at line 17.
    Summary:
	inferred   1 Counter(s).
	inferred   1 D-type flip-flop(s).
	inferred   1 Comparator(s).
Unit <Module_Counter_8_bit> synthesized.


Synthesizing Unit <simpleCounter>.
    Related source file is "simpleCounter.v".
Unit <simpleCounter> synthesized.


=========================================================================
HDL Synthesis Report

Macro Statistics
# Counters                                             : 2
 30-bit up counter                                     : 1
 8-bit up counter                                      : 1
# Registers                                            : 2
 1-bit register                                        : 2
# Comparators                                          : 2
 32-bit comparator greatequal                          : 1
 8-bit comparator greatequal                           : 1

=========================================================================

=========================================================================
*                       Advanced HDL Synthesis                          *
=========================================================================


=========================================================================
Advanced HDL Synthesis Report

Macro Statistics
# Counters                                             : 2
 30-bit up counter                                     : 1
 8-bit up counter                                      : 1
# Registers                                            : 2
 Flip-Flops                                            : 2
# Comparators                                          : 2
 32-bit comparator greatequal                          : 1
 8-bit comparator greatequal                           : 1

=========================================================================

=========================================================================
*                         Low Level Synthesis                           *
=========================================================================
WARNING:Xst:2677 - Node <counter/carry> of sequential type is unconnected in block <simpleCounter>.

Optimizing unit <simpleCounter> ...

Mapping all equations...
Building and optimizing final netlist ...
Found area constraint ratio of 100 (+ 5) on block simpleCounter, actual ratio is 0.

Final Macro Processing ...

=========================================================================
Final Register Report

Macro Statistics
# Registers                                            : 39
 Flip-Flops                                            : 39

=========================================================================

=========================================================================
*                           Partition Report                            *
=========================================================================

Partition Implementation Status
-------------------------------

  No Partitions were found in this design.

-------------------------------

=========================================================================
*                            Final Report                               *
=========================================================================
Final Results
RTL Top Level Output File Name     : simpleCounter.ngr
Top Level Output File Name         : simpleCounter
Output Format                      : NGC
Optimization Goal                  : Speed
Keep Hierarchy                     : No

Design Statistics
# IOs                              : 9

Cell Usage :
# BELS                             : 149
#      GND                         : 1
#      INV                         : 8
#      LUT1                        : 39
#      LUT2                        : 1
#      LUT3_D                      : 2
#      LUT4                        : 9
#      MUXCY                       : 50
#      VCC                         : 1
#      XORCY                       : 38
# FlipFlops/Latches                : 39
#      FDE                         : 1
#      FDR                         : 37
#      FDRS                        : 1
# Clock Buffers                    : 1
#      BUFGP                       : 1
# IO Buffers                       : 8
#      OBUF                        : 8
=========================================================================

Device utilization summary:
---------------------------

Selected Device : 3s700anfgg484-4 

 Number of Slices:                       30  out of   5888     0%  
 Number of Slice Flip Flops:             39  out of  11776     0%  
 Number of 4 input LUTs:                 59  out of  11776     0%  
 Number of IOs:                           9
 Number of bonded IOBs:                   9  out of    372     2%  
 Number of GCLKs:                         1  out of     24     4%  

---------------------------
Partition Resource Summary:
---------------------------

  No Partitions were found in this design.

---------------------------


=========================================================================
TIMING REPORT

NOTE: THESE TIMING NUMBERS ARE ONLY A SYNTHESIS ESTIMATE.
      FOR ACCURATE TIMING INFORMATION PLEASE REFER TO THE TRACE REPORT
      GENERATED AFTER PLACE-and-ROUTE.

Clock Information:
------------------
-----------------------------------+------------------------+-------+
Clock Signal                       | Clock buffer(FF name)  | Load  |
-----------------------------------+------------------------+-------+
CLK_50M                            | BUFGP                  | 31    |
clock_1_Hz_generator/clk_out       | NONE(counter/out_1)    | 8     |
-----------------------------------+------------------------+-------+
INFO:Xst:2169 - HDL ADVISOR - Some clock signals were not automatically buffered by XST with BUFG/BUFR resources. Please use the buffer_type constraint in order to insert these buffers to the clock signals to help prevent skew problems.

Asynchronous Control Signals Information:
----------------------------------------
No asynchronous control signals found in this design

Timing Summary:
---------------
Speed Grade: -4

   Minimum period: 5.686ns (Maximum Frequency: 175.871MHz)
   Minimum input arrival time before clock: No path found
   Maximum output required time after clock: 5.744ns
   Maximum combinational path delay: No path found

Timing Detail:
--------------
All values displayed in nanoseconds (ns)

=========================================================================
Timing constraint: Default period analysis for Clock 'CLK_50M'
  Clock period: 5.513ns (frequency: 181.393MHz)
  Total number of paths / destination ports: 1396 / 62
-------------------------------------------------------------------------
Delay:               5.513ns (Levels of Logic = 15)
  Source:            clock_1_Hz_generator/counter_0 (FF)
  Destination:       clock_1_Hz_generator/counter_0 (FF)
  Source Clock:      CLK_50M rising
  Destination Clock: CLK_50M rising

  Data Path: clock_1_Hz_generator/counter_0 to clock_1_Hz_generator/counter_0
                                Gate     Net
    Cell:in->out      fanout   Delay   Delay  Logical Name (Net Name)
    ----------------------------------------  ------------
     FDR:C->Q              2   0.591   0.590  clock_1_Hz_generator/counter_0 (clock_1_Hz_generator/counter_0)
     LUT4:I0->O            1   0.648   0.000  clock_1_Hz_generator/Mcompar_counter_cmp_ge0000_lut<0> (clock_1_Hz_generator/Mcompar_counter_cmp_ge0000_lut<0>)
     MUXCY:S->O            1   0.632   0.000  clock_1_Hz_generator/Mcompar_counter_cmp_ge0000_cy<0> (clock_1_Hz_generator/Mcompar_counter_cmp_ge0000_cy<0>)
     MUXCY:CI->O           1   0.065   0.000  clock_1_Hz_generator/Mcompar_counter_cmp_ge0000_cy<1> (clock_1_Hz_generator/Mcompar_counter_cmp_ge0000_cy<1>)
     MUXCY:CI->O           1   0.065   0.000  clock_1_Hz_generator/Mcompar_counter_cmp_ge0000_cy<2> (clock_1_Hz_generator/Mcompar_counter_cmp_ge0000_cy<2>)
     MUXCY:CI->O           1   0.065   0.000  clock_1_Hz_generator/Mcompar_counter_cmp_ge0000_cy<3> (clock_1_Hz_generator/Mcompar_counter_cmp_ge0000_cy<3>)
     MUXCY:CI->O           1   0.065   0.000  clock_1_Hz_generator/Mcompar_counter_cmp_ge0000_cy<4> (clock_1_Hz_generator/Mcompar_counter_cmp_ge0000_cy<4>)
     MUXCY:CI->O           1   0.065   0.000  clock_1_Hz_generator/Mcompar_counter_cmp_ge0000_cy<5> (clock_1_Hz_generator/Mcompar_counter_cmp_ge0000_cy<5>)
     MUXCY:CI->O           1   0.065   0.000  clock_1_Hz_generator/Mcompar_counter_cmp_ge0000_cy<6> (clock_1_Hz_generator/Mcompar_counter_cmp_ge0000_cy<6>)
     MUXCY:CI->O           1   0.065   0.000  clock_1_Hz_generator/Mcompar_counter_cmp_ge0000_cy<7> (clock_1_Hz_generator/Mcompar_counter_cmp_ge0000_cy<7>)
     MUXCY:CI->O           1   0.065   0.000  clock_1_Hz_generator/Mcompar_counter_cmp_ge0000_cy<8> (clock_1_Hz_generator/Mcompar_counter_cmp_ge0000_cy<8>)
     MUXCY:CI->O           1   0.065   0.000  clock_1_Hz_generator/Mcompar_counter_cmp_ge0000_cy<9> (clock_1_Hz_generator/Mcompar_counter_cmp_ge0000_cy<9>)
     MUXCY:CI->O           1   0.065   0.000  clock_1_Hz_generator/Mcompar_counter_cmp_ge0000_cy<10> (clock_1_Hz_generator/Mcompar_counter_cmp_ge0000_cy<10>)
     MUXCY:CI->O           1   0.065   0.000  clock_1_Hz_generator/Mcompar_counter_cmp_ge0000_cy<11> (clock_1_Hz_generator/Mcompar_counter_cmp_ge0000_cy<11>)
     MUXCY:CI->O           1   0.065   0.000  clock_1_Hz_generator/Mcompar_counter_cmp_ge0000_cy<12> (clock_1_Hz_generator/Mcompar_counter_cmp_ge0000_cy<12>)
     MUXCY:CI->O          31   0.141   1.262  clock_1_Hz_generator/Mcompar_counter_cmp_ge0000_cy<13> (clock_1_Hz_generator/counter_cmp_ge0000)
     FDR:R                     0.869          clock_1_Hz_generator/counter_0
    ----------------------------------------
    Total                      5.513ns (3.661ns logic, 1.852ns route)
                                       (66.4% logic, 33.6% route)

=========================================================================
Timing constraint: Default period analysis for Clock 'clock_1_Hz_generator/clk_out'
  Clock period: 5.686ns (frequency: 175.871MHz)
  Total number of paths / destination ports: 164 / 17
-------------------------------------------------------------------------
Delay:               5.686ns (Levels of Logic = 3)
  Source:            counter/out_2 (FF)
  Destination:       counter/out_1 (FF)
  Source Clock:      clock_1_Hz_generator/clk_out rising
  Destination Clock: clock_1_Hz_generator/clk_out rising

  Data Path: counter/out_2 to counter/out_1
                                Gate     Net
    Cell:in->out      fanout   Delay   Delay  Logical Name (Net Name)
    ----------------------------------------  ------------
     FDR:C->Q              3   0.591   0.674  counter/out_2 (counter/out_2)
     LUT3_D:I0->O          2   0.648   0.450  counter/out_cmp_ge000021 (N01)
     LUT4:I3->O            2   0.648   0.450  counter/out_cmp_ge00001 (counter/out_cmp_ge0000)
     LUT4:I3->O            7   0.648   0.708  counter/Mcount_out_val (counter/Mcount_out_val)
     FDR:R                     0.869          counter/out_1
    ----------------------------------------
    Total                      5.686ns (3.404ns logic, 2.282ns route)
                                       (59.9% logic, 40.1% route)

=========================================================================
Timing constraint: Default OFFSET OUT AFTER for Clock 'clock_1_Hz_generator/clk_out'
  Total number of paths / destination ports: 8 / 8
-------------------------------------------------------------------------
Offset:              5.744ns (Levels of Logic = 1)
  Source:            counter/out_7 (FF)
  Destination:       LED<7> (PAD)
  Source Clock:      clock_1_Hz_generator/clk_out rising

  Data Path: counter/out_7 to LED<7>
                                Gate     Net
    Cell:in->out      fanout   Delay   Delay  Logical Name (Net Name)
    ----------------------------------------  ------------
     FDR:C->Q              5   0.591   0.633  counter/out_7 (counter/out_7)
     OBUF:I->O                 4.520          LED_7_OBUF (LED<7>)
    ----------------------------------------
    Total                      5.744ns (5.111ns logic, 0.633ns route)
                                       (89.0% logic, 11.0% route)

=========================================================================


Total REAL time to Xst completion: 5.00 secs
Total CPU time to Xst completion: 3.91 secs
 
--> 


Total memory usage is 500756 kilobytes

Number of errors   :    0 (   0 filtered)
Number of warnings :    1 (   0 filtered)
Number of infos    :    1 (   0 filtered)

