--------------------------------------------------------------------------------
Release 14.7 Trace  (lin64)
Copyright (c) 1995-2013 Xilinx, Inc.  All rights reserved.

/usr/LDSS/Xilinx/14.7/ISE_DS/ISE/bin/lin64/unwrapped/trce -intstyle ise -v 3 -s
4 -n 3 -fastpaths -xml simpleCounter.twx simpleCounter.ncd -o simpleCounter.twr
simpleCounter.pcf -ucf simpleCounter.ucf

Design file:              simpleCounter.ncd
Physical constraint file: simpleCounter.pcf
Device,package,speed:     xc3s700an,fgg484,-4 (PRODUCTION 1.42 2013-10-13)
Report level:             verbose report

Environment Variable      Effect 
--------------------      ------ 
NONE                      No environment variables were set
--------------------------------------------------------------------------------

WARNING:Timing:3224 - The clock CLK_50M associated with OFFSET = IN 10 ns VALID 
   20 ns BEFORE COMP "CLK_50M"; does not clock any registered input components.
WARNING:Timing:3225 - Timing constraint OFFSET = IN 10 ns VALID 20 ns BEFORE 
   COMP "CLK_50M"; ignored during timing analysis
WARNING:Timing:3224 - The clock CLK_50M associated with OFFSET = OUT 20 ns 
   AFTER COMP "CLK_50M"; does not clock any registered output components.
WARNING:Timing:3225 - Timing constraint OFFSET = OUT 20 ns AFTER COMP 
   "CLK_50M"; ignored during timing analysis
INFO:Timing:3412 - To improve timing, see the Timing Closure User Guide (UG612).
INFO:Timing:2752 - To get complete path coverage, use the unconstrained paths 
   option. All paths that are not constrained will be reported in the 
   unconstrained paths section(s) of the report.
INFO:Timing:3339 - The clock-to-out numbers in this timing report are based on 
   a 50 Ohm transmission line loading model.  For the details of this model, 
   and for more information on accounting for different loading conditions, 
   please see the device datasheet.
INFO:Timing:3390 - This architecture does not support a default System Jitter 
   value, please add SYSTEM_JITTER constraint to the UCF to modify the Clock 
   Uncertainty calculation.
INFO:Timing:3389 - This architecture does not support 'Discrete Jitter' and 
   'Phase Error' calculations, these terms will be zero in the Clock 
   Uncertainty calculation.  Please make appropriate modification to 
   SYSTEM_JITTER to account for the unsupported Discrete Jitter and Phase 
   Error.

================================================================================
Timing constraint: NET "CLK_50M_BUFGP/IBUFG" PERIOD = 20 ns HIGH 50%;
For more information, see Period Analysis in the Timing Closure User Guide (UG612).

 1396 paths analyzed, 105 endpoints analyzed, 0 failing endpoints
 0 timing errors detected. (0 setup errors, 0 hold errors, 0 component switching limit errors)
 Minimum period is   6.880ns.
--------------------------------------------------------------------------------

Paths for end point clock_1_Hz_generator/clk_out (SLICE_X61Y29.CE), 30 paths
--------------------------------------------------------------------------------
Slack (setup path):     13.120ns (requirement - (data path - clock path skew + uncertainty))
  Source:               clock_1_Hz_generator/counter_6 (FF)
  Destination:          clock_1_Hz_generator/clk_out (FF)
  Requirement:          20.000ns
  Data Path Delay:      6.716ns (Levels of Logic = 6)
  Clock Path Skew:      -0.164ns (0.586 - 0.750)
  Source Clock:         CLK_50M_BUFGP rising at 0.000ns
  Destination Clock:    CLK_50M_BUFGP rising at 20.000ns
  Clock Uncertainty:    0.000ns

  Maximum Data Path: clock_1_Hz_generator/counter_6 to clock_1_Hz_generator/clk_out
    Location             Delay type         Delay(ns)  Physical Resource
                                                       Logical Resource(s)
    -------------------------------------------------  -------------------
    SLICE_X59Y76.XQ      Tcko                  0.591   clock_1_Hz_generator/counter<6>
                                                       clock_1_Hz_generator/counter_6
    SLICE_X57Y79.F1      net (fanout=2)        1.072   clock_1_Hz_generator/counter<6>
    SLICE_X57Y79.COUT    Topcyf                1.195   clock_1_Hz_generator/Mcompar_counter_cmp_ge0000_cy<3>
                                                       clock_1_Hz_generator/Mcompar_counter_cmp_ge0000_lut<2>
                                                       clock_1_Hz_generator/Mcompar_counter_cmp_ge0000_cy<2>
                                                       clock_1_Hz_generator/Mcompar_counter_cmp_ge0000_cy<3>
    SLICE_X57Y80.CIN     net (fanout=1)        0.000   clock_1_Hz_generator/Mcompar_counter_cmp_ge0000_cy<3>
    SLICE_X57Y80.COUT    Tbyp                  0.130   clock_1_Hz_generator/Mcompar_counter_cmp_ge0000_cy<5>
                                                       clock_1_Hz_generator/Mcompar_counter_cmp_ge0000_cy<4>
                                                       clock_1_Hz_generator/Mcompar_counter_cmp_ge0000_cy<5>
    SLICE_X57Y81.CIN     net (fanout=1)        0.000   clock_1_Hz_generator/Mcompar_counter_cmp_ge0000_cy<5>
    SLICE_X57Y81.COUT    Tbyp                  0.130   clock_1_Hz_generator/Mcompar_counter_cmp_ge0000_cy<7>
                                                       clock_1_Hz_generator/Mcompar_counter_cmp_ge0000_cy<6>
                                                       clock_1_Hz_generator/Mcompar_counter_cmp_ge0000_cy<7>
    SLICE_X57Y82.CIN     net (fanout=1)        0.000   clock_1_Hz_generator/Mcompar_counter_cmp_ge0000_cy<7>
    SLICE_X57Y82.COUT    Tbyp                  0.130   clock_1_Hz_generator/Mcompar_counter_cmp_ge0000_cy<9>
                                                       clock_1_Hz_generator/Mcompar_counter_cmp_ge0000_cy<8>
                                                       clock_1_Hz_generator/Mcompar_counter_cmp_ge0000_cy<9>
    SLICE_X57Y83.CIN     net (fanout=1)        0.000   clock_1_Hz_generator/Mcompar_counter_cmp_ge0000_cy<9>
    SLICE_X57Y83.COUT    Tbyp                  0.130   clock_1_Hz_generator/Mcompar_counter_cmp_ge0000_cy<11>
                                                       clock_1_Hz_generator/Mcompar_counter_cmp_ge0000_cy<10>
                                                       clock_1_Hz_generator/Mcompar_counter_cmp_ge0000_cy<11>
    SLICE_X57Y84.CIN     net (fanout=1)        0.000   clock_1_Hz_generator/Mcompar_counter_cmp_ge0000_cy<11>
    SLICE_X57Y84.COUT    Tbyp                  0.130   clock_1_Hz_generator/counter_cmp_ge0000
                                                       clock_1_Hz_generator/Mcompar_counter_cmp_ge0000_cy<12>
                                                       clock_1_Hz_generator/Mcompar_counter_cmp_ge0000_cy<13>
    SLICE_X61Y29.CE      net (fanout=16)       2.897   clock_1_Hz_generator/counter_cmp_ge0000
    SLICE_X61Y29.CLK     Tceck                 0.311   clock_1_Hz_generator/clk_out
                                                       clock_1_Hz_generator/clk_out
    -------------------------------------------------  ---------------------------
    Total                                      6.716ns (2.747ns logic, 3.969ns route)
                                                       (40.9% logic, 59.1% route)

--------------------------------------------------------------------------------
Slack (setup path):     13.271ns (requirement - (data path - clock path skew + uncertainty))
  Source:               clock_1_Hz_generator/counter_11 (FF)
  Destination:          clock_1_Hz_generator/clk_out (FF)
  Requirement:          20.000ns
  Data Path Delay:      6.575ns (Levels of Logic = 5)
  Clock Path Skew:      -0.154ns (0.586 - 0.740)
  Source Clock:         CLK_50M_BUFGP rising at 0.000ns
  Destination Clock:    CLK_50M_BUFGP rising at 20.000ns
  Clock Uncertainty:    0.000ns

  Maximum Data Path: clock_1_Hz_generator/counter_11 to clock_1_Hz_generator/clk_out
    Location             Delay type         Delay(ns)  Physical Resource
                                                       Logical Resource(s)
    -------------------------------------------------  -------------------
    SLICE_X59Y78.YQ      Tcko                  0.580   clock_1_Hz_generator/counter<10>
                                                       clock_1_Hz_generator/counter_11
    SLICE_X57Y80.F1      net (fanout=2)        1.072   clock_1_Hz_generator/counter<11>
    SLICE_X57Y80.COUT    Topcyf                1.195   clock_1_Hz_generator/Mcompar_counter_cmp_ge0000_cy<5>
                                                       clock_1_Hz_generator/Mcompar_counter_cmp_ge0000_lut<4>
                                                       clock_1_Hz_generator/Mcompar_counter_cmp_ge0000_cy<4>
                                                       clock_1_Hz_generator/Mcompar_counter_cmp_ge0000_cy<5>
    SLICE_X57Y81.CIN     net (fanout=1)        0.000   clock_1_Hz_generator/Mcompar_counter_cmp_ge0000_cy<5>
    SLICE_X57Y81.COUT    Tbyp                  0.130   clock_1_Hz_generator/Mcompar_counter_cmp_ge0000_cy<7>
                                                       clock_1_Hz_generator/Mcompar_counter_cmp_ge0000_cy<6>
                                                       clock_1_Hz_generator/Mcompar_counter_cmp_ge0000_cy<7>
    SLICE_X57Y82.CIN     net (fanout=1)        0.000   clock_1_Hz_generator/Mcompar_counter_cmp_ge0000_cy<7>
    SLICE_X57Y82.COUT    Tbyp                  0.130   clock_1_Hz_generator/Mcompar_counter_cmp_ge0000_cy<9>
                                                       clock_1_Hz_generator/Mcompar_counter_cmp_ge0000_cy<8>
                                                       clock_1_Hz_generator/Mcompar_counter_cmp_ge0000_cy<9>
    SLICE_X57Y83.CIN     net (fanout=1)        0.000   clock_1_Hz_generator/Mcompar_counter_cmp_ge0000_cy<9>
    SLICE_X57Y83.COUT    Tbyp                  0.130   clock_1_Hz_generator/Mcompar_counter_cmp_ge0000_cy<11>
                                                       clock_1_Hz_generator/Mcompar_counter_cmp_ge0000_cy<10>
                                                       clock_1_Hz_generator/Mcompar_counter_cmp_ge0000_cy<11>
    SLICE_X57Y84.CIN     net (fanout=1)        0.000   clock_1_Hz_generator/Mcompar_counter_cmp_ge0000_cy<11>
    SLICE_X57Y84.COUT    Tbyp                  0.130   clock_1_Hz_generator/counter_cmp_ge0000
                                                       clock_1_Hz_generator/Mcompar_counter_cmp_ge0000_cy<12>
                                                       clock_1_Hz_generator/Mcompar_counter_cmp_ge0000_cy<13>
    SLICE_X61Y29.CE      net (fanout=16)       2.897   clock_1_Hz_generator/counter_cmp_ge0000
    SLICE_X61Y29.CLK     Tceck                 0.311   clock_1_Hz_generator/clk_out
                                                       clock_1_Hz_generator/clk_out
    -------------------------------------------------  ---------------------------
    Total                                      6.575ns (2.606ns logic, 3.969ns route)
                                                       (39.6% logic, 60.4% route)

--------------------------------------------------------------------------------
Slack (setup path):     13.321ns (requirement - (data path - clock path skew + uncertainty))
  Source:               clock_1_Hz_generator/counter_3 (FF)
  Destination:          clock_1_Hz_generator/clk_out (FF)
  Requirement:          20.000ns
  Data Path Delay:      6.510ns (Levels of Logic = 7)
  Clock Path Skew:      -0.169ns (0.586 - 0.755)
  Source Clock:         CLK_50M_BUFGP rising at 0.000ns
  Destination Clock:    CLK_50M_BUFGP rising at 20.000ns
  Clock Uncertainty:    0.000ns

  Maximum Data Path: clock_1_Hz_generator/counter_3 to clock_1_Hz_generator/clk_out
    Location             Delay type         Delay(ns)  Physical Resource
                                                       Logical Resource(s)
    -------------------------------------------------  -------------------
    SLICE_X59Y74.YQ      Tcko                  0.580   clock_1_Hz_generator/counter<2>
                                                       clock_1_Hz_generator/counter_3
    SLICE_X57Y78.F1      net (fanout=2)        0.747   clock_1_Hz_generator/counter<3>
    SLICE_X57Y78.COUT    Topcyf                1.195   clock_1_Hz_generator/Mcompar_counter_cmp_ge0000_cy<1>
                                                       clock_1_Hz_generator/Mcompar_counter_cmp_ge0000_lut<0>
                                                       clock_1_Hz_generator/Mcompar_counter_cmp_ge0000_cy<0>
                                                       clock_1_Hz_generator/Mcompar_counter_cmp_ge0000_cy<1>
    SLICE_X57Y79.CIN     net (fanout=1)        0.000   clock_1_Hz_generator/Mcompar_counter_cmp_ge0000_cy<1>
    SLICE_X57Y79.COUT    Tbyp                  0.130   clock_1_Hz_generator/Mcompar_counter_cmp_ge0000_cy<3>
                                                       clock_1_Hz_generator/Mcompar_counter_cmp_ge0000_cy<2>
                                                       clock_1_Hz_generator/Mcompar_counter_cmp_ge0000_cy<3>
    SLICE_X57Y80.CIN     net (fanout=1)        0.000   clock_1_Hz_generator/Mcompar_counter_cmp_ge0000_cy<3>
    SLICE_X57Y80.COUT    Tbyp                  0.130   clock_1_Hz_generator/Mcompar_counter_cmp_ge0000_cy<5>
                                                       clock_1_Hz_generator/Mcompar_counter_cmp_ge0000_cy<4>
                                                       clock_1_Hz_generator/Mcompar_counter_cmp_ge0000_cy<5>
    SLICE_X57Y81.CIN     net (fanout=1)        0.000   clock_1_Hz_generator/Mcompar_counter_cmp_ge0000_cy<5>
    SLICE_X57Y81.COUT    Tbyp                  0.130   clock_1_Hz_generator/Mcompar_counter_cmp_ge0000_cy<7>
                                                       clock_1_Hz_generator/Mcompar_counter_cmp_ge0000_cy<6>
                                                       clock_1_Hz_generator/Mcompar_counter_cmp_ge0000_cy<7>
    SLICE_X57Y82.CIN     net (fanout=1)        0.000   clock_1_Hz_generator/Mcompar_counter_cmp_ge0000_cy<7>
    SLICE_X57Y82.COUT    Tbyp                  0.130   clock_1_Hz_generator/Mcompar_counter_cmp_ge0000_cy<9>
                                                       clock_1_Hz_generator/Mcompar_counter_cmp_ge0000_cy<8>
                                                       clock_1_Hz_generator/Mcompar_counter_cmp_ge0000_cy<9>
    SLICE_X57Y83.CIN     net (fanout=1)        0.000   clock_1_Hz_generator/Mcompar_counter_cmp_ge0000_cy<9>
    SLICE_X57Y83.COUT    Tbyp                  0.130   clock_1_Hz_generator/Mcompar_counter_cmp_ge0000_cy<11>
                                                       clock_1_Hz_generator/Mcompar_counter_cmp_ge0000_cy<10>
                                                       clock_1_Hz_generator/Mcompar_counter_cmp_ge0000_cy<11>
    SLICE_X57Y84.CIN     net (fanout=1)        0.000   clock_1_Hz_generator/Mcompar_counter_cmp_ge0000_cy<11>
    SLICE_X57Y84.COUT    Tbyp                  0.130   clock_1_Hz_generator/counter_cmp_ge0000
                                                       clock_1_Hz_generator/Mcompar_counter_cmp_ge0000_cy<12>
                                                       clock_1_Hz_generator/Mcompar_counter_cmp_ge0000_cy<13>
    SLICE_X61Y29.CE      net (fanout=16)       2.897   clock_1_Hz_generator/counter_cmp_ge0000
    SLICE_X61Y29.CLK     Tceck                 0.311   clock_1_Hz_generator/clk_out
                                                       clock_1_Hz_generator/clk_out
    -------------------------------------------------  ---------------------------
    Total                                      6.510ns (2.866ns logic, 3.644ns route)
                                                       (44.0% logic, 56.0% route)

--------------------------------------------------------------------------------

Paths for end point clock_1_Hz_generator/counter_8 (SLICE_X59Y77.SR), 30 paths
--------------------------------------------------------------------------------
Slack (setup path):     13.862ns (requirement - (data path - clock path skew + uncertainty))
  Source:               clock_1_Hz_generator/counter_6 (FF)
  Destination:          clock_1_Hz_generator/counter_8 (FF)
  Requirement:          20.000ns
  Data Path Delay:      6.126ns (Levels of Logic = 6)
  Clock Path Skew:      -0.012ns (0.068 - 0.080)
  Source Clock:         CLK_50M_BUFGP rising at 0.000ns
  Destination Clock:    CLK_50M_BUFGP rising at 20.000ns
  Clock Uncertainty:    0.000ns

  Maximum Data Path: clock_1_Hz_generator/counter_6 to clock_1_Hz_generator/counter_8
    Location             Delay type         Delay(ns)  Physical Resource
                                                       Logical Resource(s)
    -------------------------------------------------  -------------------
    SLICE_X59Y76.XQ      Tcko                  0.591   clock_1_Hz_generator/counter<6>
                                                       clock_1_Hz_generator/counter_6
    SLICE_X57Y79.F1      net (fanout=2)        1.072   clock_1_Hz_generator/counter<6>
    SLICE_X57Y79.COUT    Topcyf                1.195   clock_1_Hz_generator/Mcompar_counter_cmp_ge0000_cy<3>
                                                       clock_1_Hz_generator/Mcompar_counter_cmp_ge0000_lut<2>
                                                       clock_1_Hz_generator/Mcompar_counter_cmp_ge0000_cy<2>
                                                       clock_1_Hz_generator/Mcompar_counter_cmp_ge0000_cy<3>
    SLICE_X57Y80.CIN     net (fanout=1)        0.000   clock_1_Hz_generator/Mcompar_counter_cmp_ge0000_cy<3>
    SLICE_X57Y80.COUT    Tbyp                  0.130   clock_1_Hz_generator/Mcompar_counter_cmp_ge0000_cy<5>
                                                       clock_1_Hz_generator/Mcompar_counter_cmp_ge0000_cy<4>
                                                       clock_1_Hz_generator/Mcompar_counter_cmp_ge0000_cy<5>
    SLICE_X57Y81.CIN     net (fanout=1)        0.000   clock_1_Hz_generator/Mcompar_counter_cmp_ge0000_cy<5>
    SLICE_X57Y81.COUT    Tbyp                  0.130   clock_1_Hz_generator/Mcompar_counter_cmp_ge0000_cy<7>
                                                       clock_1_Hz_generator/Mcompar_counter_cmp_ge0000_cy<6>
                                                       clock_1_Hz_generator/Mcompar_counter_cmp_ge0000_cy<7>
    SLICE_X57Y82.CIN     net (fanout=1)        0.000   clock_1_Hz_generator/Mcompar_counter_cmp_ge0000_cy<7>
    SLICE_X57Y82.COUT    Tbyp                  0.130   clock_1_Hz_generator/Mcompar_counter_cmp_ge0000_cy<9>
                                                       clock_1_Hz_generator/Mcompar_counter_cmp_ge0000_cy<8>
                                                       clock_1_Hz_generator/Mcompar_counter_cmp_ge0000_cy<9>
    SLICE_X57Y83.CIN     net (fanout=1)        0.000   clock_1_Hz_generator/Mcompar_counter_cmp_ge0000_cy<9>
    SLICE_X57Y83.COUT    Tbyp                  0.130   clock_1_Hz_generator/Mcompar_counter_cmp_ge0000_cy<11>
                                                       clock_1_Hz_generator/Mcompar_counter_cmp_ge0000_cy<10>
                                                       clock_1_Hz_generator/Mcompar_counter_cmp_ge0000_cy<11>
    SLICE_X57Y84.CIN     net (fanout=1)        0.000   clock_1_Hz_generator/Mcompar_counter_cmp_ge0000_cy<11>
    SLICE_X57Y84.COUT    Tbyp                  0.130   clock_1_Hz_generator/counter_cmp_ge0000
                                                       clock_1_Hz_generator/Mcompar_counter_cmp_ge0000_cy<12>
                                                       clock_1_Hz_generator/Mcompar_counter_cmp_ge0000_cy<13>
    SLICE_X59Y77.SR      net (fanout=16)       1.751   clock_1_Hz_generator/counter_cmp_ge0000
    SLICE_X59Y77.CLK     Tsrck                 0.867   clock_1_Hz_generator/counter<8>
                                                       clock_1_Hz_generator/counter_8
    -------------------------------------------------  ---------------------------
    Total                                      6.126ns (3.303ns logic, 2.823ns route)
                                                       (53.9% logic, 46.1% route)

--------------------------------------------------------------------------------
Slack (setup path):     14.013ns (requirement - (data path - clock path skew + uncertainty))
  Source:               clock_1_Hz_generator/counter_11 (FF)
  Destination:          clock_1_Hz_generator/counter_8 (FF)
  Requirement:          20.000ns
  Data Path Delay:      5.985ns (Levels of Logic = 5)
  Clock Path Skew:      -0.002ns (0.068 - 0.070)
  Source Clock:         CLK_50M_BUFGP rising at 0.000ns
  Destination Clock:    CLK_50M_BUFGP rising at 20.000ns
  Clock Uncertainty:    0.000ns

  Maximum Data Path: clock_1_Hz_generator/counter_11 to clock_1_Hz_generator/counter_8
    Location             Delay type         Delay(ns)  Physical Resource
                                                       Logical Resource(s)
    -------------------------------------------------  -------------------
    SLICE_X59Y78.YQ      Tcko                  0.580   clock_1_Hz_generator/counter<10>
                                                       clock_1_Hz_generator/counter_11
    SLICE_X57Y80.F1      net (fanout=2)        1.072   clock_1_Hz_generator/counter<11>
    SLICE_X57Y80.COUT    Topcyf                1.195   clock_1_Hz_generator/Mcompar_counter_cmp_ge0000_cy<5>
                                                       clock_1_Hz_generator/Mcompar_counter_cmp_ge0000_lut<4>
                                                       clock_1_Hz_generator/Mcompar_counter_cmp_ge0000_cy<4>
                                                       clock_1_Hz_generator/Mcompar_counter_cmp_ge0000_cy<5>
    SLICE_X57Y81.CIN     net (fanout=1)        0.000   clock_1_Hz_generator/Mcompar_counter_cmp_ge0000_cy<5>
    SLICE_X57Y81.COUT    Tbyp                  0.130   clock_1_Hz_generator/Mcompar_counter_cmp_ge0000_cy<7>
                                                       clock_1_Hz_generator/Mcompar_counter_cmp_ge0000_cy<6>
                                                       clock_1_Hz_generator/Mcompar_counter_cmp_ge0000_cy<7>
    SLICE_X57Y82.CIN     net (fanout=1)        0.000   clock_1_Hz_generator/Mcompar_counter_cmp_ge0000_cy<7>
    SLICE_X57Y82.COUT    Tbyp                  0.130   clock_1_Hz_generator/Mcompar_counter_cmp_ge0000_cy<9>
                                                       clock_1_Hz_generator/Mcompar_counter_cmp_ge0000_cy<8>
                                                       clock_1_Hz_generator/Mcompar_counter_cmp_ge0000_cy<9>
    SLICE_X57Y83.CIN     net (fanout=1)        0.000   clock_1_Hz_generator/Mcompar_counter_cmp_ge0000_cy<9>
    SLICE_X57Y83.COUT    Tbyp                  0.130   clock_1_Hz_generator/Mcompar_counter_cmp_ge0000_cy<11>
                                                       clock_1_Hz_generator/Mcompar_counter_cmp_ge0000_cy<10>
                                                       clock_1_Hz_generator/Mcompar_counter_cmp_ge0000_cy<11>
    SLICE_X57Y84.CIN     net (fanout=1)        0.000   clock_1_Hz_generator/Mcompar_counter_cmp_ge0000_cy<11>
    SLICE_X57Y84.COUT    Tbyp                  0.130   clock_1_Hz_generator/counter_cmp_ge0000
                                                       clock_1_Hz_generator/Mcompar_counter_cmp_ge0000_cy<12>
                                                       clock_1_Hz_generator/Mcompar_counter_cmp_ge0000_cy<13>
    SLICE_X59Y77.SR      net (fanout=16)       1.751   clock_1_Hz_generator/counter_cmp_ge0000
    SLICE_X59Y77.CLK     Tsrck                 0.867   clock_1_Hz_generator/counter<8>
                                                       clock_1_Hz_generator/counter_8
    -------------------------------------------------  ---------------------------
    Total                                      5.985ns (3.162ns logic, 2.823ns route)
                                                       (52.8% logic, 47.2% route)

--------------------------------------------------------------------------------
Slack (setup path):     14.063ns (requirement - (data path - clock path skew + uncertainty))
  Source:               clock_1_Hz_generator/counter_3 (FF)
  Destination:          clock_1_Hz_generator/counter_8 (FF)
  Requirement:          20.000ns
  Data Path Delay:      5.920ns (Levels of Logic = 7)
  Clock Path Skew:      -0.017ns (0.068 - 0.085)
  Source Clock:         CLK_50M_BUFGP rising at 0.000ns
  Destination Clock:    CLK_50M_BUFGP rising at 20.000ns
  Clock Uncertainty:    0.000ns

  Maximum Data Path: clock_1_Hz_generator/counter_3 to clock_1_Hz_generator/counter_8
    Location             Delay type         Delay(ns)  Physical Resource
                                                       Logical Resource(s)
    -------------------------------------------------  -------------------
    SLICE_X59Y74.YQ      Tcko                  0.580   clock_1_Hz_generator/counter<2>
                                                       clock_1_Hz_generator/counter_3
    SLICE_X57Y78.F1      net (fanout=2)        0.747   clock_1_Hz_generator/counter<3>
    SLICE_X57Y78.COUT    Topcyf                1.195   clock_1_Hz_generator/Mcompar_counter_cmp_ge0000_cy<1>
                                                       clock_1_Hz_generator/Mcompar_counter_cmp_ge0000_lut<0>
                                                       clock_1_Hz_generator/Mcompar_counter_cmp_ge0000_cy<0>
                                                       clock_1_Hz_generator/Mcompar_counter_cmp_ge0000_cy<1>
    SLICE_X57Y79.CIN     net (fanout=1)        0.000   clock_1_Hz_generator/Mcompar_counter_cmp_ge0000_cy<1>
    SLICE_X57Y79.COUT    Tbyp                  0.130   clock_1_Hz_generator/Mcompar_counter_cmp_ge0000_cy<3>
                                                       clock_1_Hz_generator/Mcompar_counter_cmp_ge0000_cy<2>
                                                       clock_1_Hz_generator/Mcompar_counter_cmp_ge0000_cy<3>
    SLICE_X57Y80.CIN     net (fanout=1)        0.000   clock_1_Hz_generator/Mcompar_counter_cmp_ge0000_cy<3>
    SLICE_X57Y80.COUT    Tbyp                  0.130   clock_1_Hz_generator/Mcompar_counter_cmp_ge0000_cy<5>
                                                       clock_1_Hz_generator/Mcompar_counter_cmp_ge0000_cy<4>
                                                       clock_1_Hz_generator/Mcompar_counter_cmp_ge0000_cy<5>
    SLICE_X57Y81.CIN     net (fanout=1)        0.000   clock_1_Hz_generator/Mcompar_counter_cmp_ge0000_cy<5>
    SLICE_X57Y81.COUT    Tbyp                  0.130   clock_1_Hz_generator/Mcompar_counter_cmp_ge0000_cy<7>
                                                       clock_1_Hz_generator/Mcompar_counter_cmp_ge0000_cy<6>
                                                       clock_1_Hz_generator/Mcompar_counter_cmp_ge0000_cy<7>
    SLICE_X57Y82.CIN     net (fanout=1)        0.000   clock_1_Hz_generator/Mcompar_counter_cmp_ge0000_cy<7>
    SLICE_X57Y82.COUT    Tbyp                  0.130   clock_1_Hz_generator/Mcompar_counter_cmp_ge0000_cy<9>
                                                       clock_1_Hz_generator/Mcompar_counter_cmp_ge0000_cy<8>
                                                       clock_1_Hz_generator/Mcompar_counter_cmp_ge0000_cy<9>
    SLICE_X57Y83.CIN     net (fanout=1)        0.000   clock_1_Hz_generator/Mcompar_counter_cmp_ge0000_cy<9>
    SLICE_X57Y83.COUT    Tbyp                  0.130   clock_1_Hz_generator/Mcompar_counter_cmp_ge0000_cy<11>
                                                       clock_1_Hz_generator/Mcompar_counter_cmp_ge0000_cy<10>
                                                       clock_1_Hz_generator/Mcompar_counter_cmp_ge0000_cy<11>
    SLICE_X57Y84.CIN     net (fanout=1)        0.000   clock_1_Hz_generator/Mcompar_counter_cmp_ge0000_cy<11>
    SLICE_X57Y84.COUT    Tbyp                  0.130   clock_1_Hz_generator/counter_cmp_ge0000
                                                       clock_1_Hz_generator/Mcompar_counter_cmp_ge0000_cy<12>
                                                       clock_1_Hz_generator/Mcompar_counter_cmp_ge0000_cy<13>
    SLICE_X59Y77.SR      net (fanout=16)       1.751   clock_1_Hz_generator/counter_cmp_ge0000
    SLICE_X59Y77.CLK     Tsrck                 0.867   clock_1_Hz_generator/counter<8>
                                                       clock_1_Hz_generator/counter_8
    -------------------------------------------------  ---------------------------
    Total                                      5.920ns (3.422ns logic, 2.498ns route)
                                                       (57.8% logic, 42.2% route)

--------------------------------------------------------------------------------

Paths for end point clock_1_Hz_generator/counter_9 (SLICE_X59Y77.SR), 30 paths
--------------------------------------------------------------------------------
Slack (setup path):     13.862ns (requirement - (data path - clock path skew + uncertainty))
  Source:               clock_1_Hz_generator/counter_6 (FF)
  Destination:          clock_1_Hz_generator/counter_9 (FF)
  Requirement:          20.000ns
  Data Path Delay:      6.126ns (Levels of Logic = 6)
  Clock Path Skew:      -0.012ns (0.068 - 0.080)
  Source Clock:         CLK_50M_BUFGP rising at 0.000ns
  Destination Clock:    CLK_50M_BUFGP rising at 20.000ns
  Clock Uncertainty:    0.000ns

  Maximum Data Path: clock_1_Hz_generator/counter_6 to clock_1_Hz_generator/counter_9
    Location             Delay type         Delay(ns)  Physical Resource
                                                       Logical Resource(s)
    -------------------------------------------------  -------------------
    SLICE_X59Y76.XQ      Tcko                  0.591   clock_1_Hz_generator/counter<6>
                                                       clock_1_Hz_generator/counter_6
    SLICE_X57Y79.F1      net (fanout=2)        1.072   clock_1_Hz_generator/counter<6>
    SLICE_X57Y79.COUT    Topcyf                1.195   clock_1_Hz_generator/Mcompar_counter_cmp_ge0000_cy<3>
                                                       clock_1_Hz_generator/Mcompar_counter_cmp_ge0000_lut<2>
                                                       clock_1_Hz_generator/Mcompar_counter_cmp_ge0000_cy<2>
                                                       clock_1_Hz_generator/Mcompar_counter_cmp_ge0000_cy<3>
    SLICE_X57Y80.CIN     net (fanout=1)        0.000   clock_1_Hz_generator/Mcompar_counter_cmp_ge0000_cy<3>
    SLICE_X57Y80.COUT    Tbyp                  0.130   clock_1_Hz_generator/Mcompar_counter_cmp_ge0000_cy<5>
                                                       clock_1_Hz_generator/Mcompar_counter_cmp_ge0000_cy<4>
                                                       clock_1_Hz_generator/Mcompar_counter_cmp_ge0000_cy<5>
    SLICE_X57Y81.CIN     net (fanout=1)        0.000   clock_1_Hz_generator/Mcompar_counter_cmp_ge0000_cy<5>
    SLICE_X57Y81.COUT    Tbyp                  0.130   clock_1_Hz_generator/Mcompar_counter_cmp_ge0000_cy<7>
                                                       clock_1_Hz_generator/Mcompar_counter_cmp_ge0000_cy<6>
                                                       clock_1_Hz_generator/Mcompar_counter_cmp_ge0000_cy<7>
    SLICE_X57Y82.CIN     net (fanout=1)        0.000   clock_1_Hz_generator/Mcompar_counter_cmp_ge0000_cy<7>
    SLICE_X57Y82.COUT    Tbyp                  0.130   clock_1_Hz_generator/Mcompar_counter_cmp_ge0000_cy<9>
                                                       clock_1_Hz_generator/Mcompar_counter_cmp_ge0000_cy<8>
                                                       clock_1_Hz_generator/Mcompar_counter_cmp_ge0000_cy<9>
    SLICE_X57Y83.CIN     net (fanout=1)        0.000   clock_1_Hz_generator/Mcompar_counter_cmp_ge0000_cy<9>
    SLICE_X57Y83.COUT    Tbyp                  0.130   clock_1_Hz_generator/Mcompar_counter_cmp_ge0000_cy<11>
                                                       clock_1_Hz_generator/Mcompar_counter_cmp_ge0000_cy<10>
                                                       clock_1_Hz_generator/Mcompar_counter_cmp_ge0000_cy<11>
    SLICE_X57Y84.CIN     net (fanout=1)        0.000   clock_1_Hz_generator/Mcompar_counter_cmp_ge0000_cy<11>
    SLICE_X57Y84.COUT    Tbyp                  0.130   clock_1_Hz_generator/counter_cmp_ge0000
                                                       clock_1_Hz_generator/Mcompar_counter_cmp_ge0000_cy<12>
                                                       clock_1_Hz_generator/Mcompar_counter_cmp_ge0000_cy<13>
    SLICE_X59Y77.SR      net (fanout=16)       1.751   clock_1_Hz_generator/counter_cmp_ge0000
    SLICE_X59Y77.CLK     Tsrck                 0.867   clock_1_Hz_generator/counter<8>
                                                       clock_1_Hz_generator/counter_9
    -------------------------------------------------  ---------------------------
    Total                                      6.126ns (3.303ns logic, 2.823ns route)
                                                       (53.9% logic, 46.1% route)

--------------------------------------------------------------------------------
Slack (setup path):     14.013ns (requirement - (data path - clock path skew + uncertainty))
  Source:               clock_1_Hz_generator/counter_11 (FF)
  Destination:          clock_1_Hz_generator/counter_9 (FF)
  Requirement:          20.000ns
  Data Path Delay:      5.985ns (Levels of Logic = 5)
  Clock Path Skew:      -0.002ns (0.068 - 0.070)
  Source Clock:         CLK_50M_BUFGP rising at 0.000ns
  Destination Clock:    CLK_50M_BUFGP rising at 20.000ns
  Clock Uncertainty:    0.000ns

  Maximum Data Path: clock_1_Hz_generator/counter_11 to clock_1_Hz_generator/counter_9
    Location             Delay type         Delay(ns)  Physical Resource
                                                       Logical Resource(s)
    -------------------------------------------------  -------------------
    SLICE_X59Y78.YQ      Tcko                  0.580   clock_1_Hz_generator/counter<10>
                                                       clock_1_Hz_generator/counter_11
    SLICE_X57Y80.F1      net (fanout=2)        1.072   clock_1_Hz_generator/counter<11>
    SLICE_X57Y80.COUT    Topcyf                1.195   clock_1_Hz_generator/Mcompar_counter_cmp_ge0000_cy<5>
                                                       clock_1_Hz_generator/Mcompar_counter_cmp_ge0000_lut<4>
                                                       clock_1_Hz_generator/Mcompar_counter_cmp_ge0000_cy<4>
                                                       clock_1_Hz_generator/Mcompar_counter_cmp_ge0000_cy<5>
    SLICE_X57Y81.CIN     net (fanout=1)        0.000   clock_1_Hz_generator/Mcompar_counter_cmp_ge0000_cy<5>
    SLICE_X57Y81.COUT    Tbyp                  0.130   clock_1_Hz_generator/Mcompar_counter_cmp_ge0000_cy<7>
                                                       clock_1_Hz_generator/Mcompar_counter_cmp_ge0000_cy<6>
                                                       clock_1_Hz_generator/Mcompar_counter_cmp_ge0000_cy<7>
    SLICE_X57Y82.CIN     net (fanout=1)        0.000   clock_1_Hz_generator/Mcompar_counter_cmp_ge0000_cy<7>
    SLICE_X57Y82.COUT    Tbyp                  0.130   clock_1_Hz_generator/Mcompar_counter_cmp_ge0000_cy<9>
                                                       clock_1_Hz_generator/Mcompar_counter_cmp_ge0000_cy<8>
                                                       clock_1_Hz_generator/Mcompar_counter_cmp_ge0000_cy<9>
    SLICE_X57Y83.CIN     net (fanout=1)        0.000   clock_1_Hz_generator/Mcompar_counter_cmp_ge0000_cy<9>
    SLICE_X57Y83.COUT    Tbyp                  0.130   clock_1_Hz_generator/Mcompar_counter_cmp_ge0000_cy<11>
                                                       clock_1_Hz_generator/Mcompar_counter_cmp_ge0000_cy<10>
                                                       clock_1_Hz_generator/Mcompar_counter_cmp_ge0000_cy<11>
    SLICE_X57Y84.CIN     net (fanout=1)        0.000   clock_1_Hz_generator/Mcompar_counter_cmp_ge0000_cy<11>
    SLICE_X57Y84.COUT    Tbyp                  0.130   clock_1_Hz_generator/counter_cmp_ge0000
                                                       clock_1_Hz_generator/Mcompar_counter_cmp_ge0000_cy<12>
                                                       clock_1_Hz_generator/Mcompar_counter_cmp_ge0000_cy<13>
    SLICE_X59Y77.SR      net (fanout=16)       1.751   clock_1_Hz_generator/counter_cmp_ge0000
    SLICE_X59Y77.CLK     Tsrck                 0.867   clock_1_Hz_generator/counter<8>
                                                       clock_1_Hz_generator/counter_9
    -------------------------------------------------  ---------------------------
    Total                                      5.985ns (3.162ns logic, 2.823ns route)
                                                       (52.8% logic, 47.2% route)

--------------------------------------------------------------------------------
Slack (setup path):     14.063ns (requirement - (data path - clock path skew + uncertainty))
  Source:               clock_1_Hz_generator/counter_3 (FF)
  Destination:          clock_1_Hz_generator/counter_9 (FF)
  Requirement:          20.000ns
  Data Path Delay:      5.920ns (Levels of Logic = 7)
  Clock Path Skew:      -0.017ns (0.068 - 0.085)
  Source Clock:         CLK_50M_BUFGP rising at 0.000ns
  Destination Clock:    CLK_50M_BUFGP rising at 20.000ns
  Clock Uncertainty:    0.000ns

  Maximum Data Path: clock_1_Hz_generator/counter_3 to clock_1_Hz_generator/counter_9
    Location             Delay type         Delay(ns)  Physical Resource
                                                       Logical Resource(s)
    -------------------------------------------------  -------------------
    SLICE_X59Y74.YQ      Tcko                  0.580   clock_1_Hz_generator/counter<2>
                                                       clock_1_Hz_generator/counter_3
    SLICE_X57Y78.F1      net (fanout=2)        0.747   clock_1_Hz_generator/counter<3>
    SLICE_X57Y78.COUT    Topcyf                1.195   clock_1_Hz_generator/Mcompar_counter_cmp_ge0000_cy<1>
                                                       clock_1_Hz_generator/Mcompar_counter_cmp_ge0000_lut<0>
                                                       clock_1_Hz_generator/Mcompar_counter_cmp_ge0000_cy<0>
                                                       clock_1_Hz_generator/Mcompar_counter_cmp_ge0000_cy<1>
    SLICE_X57Y79.CIN     net (fanout=1)        0.000   clock_1_Hz_generator/Mcompar_counter_cmp_ge0000_cy<1>
    SLICE_X57Y79.COUT    Tbyp                  0.130   clock_1_Hz_generator/Mcompar_counter_cmp_ge0000_cy<3>
                                                       clock_1_Hz_generator/Mcompar_counter_cmp_ge0000_cy<2>
                                                       clock_1_Hz_generator/Mcompar_counter_cmp_ge0000_cy<3>
    SLICE_X57Y80.CIN     net (fanout=1)        0.000   clock_1_Hz_generator/Mcompar_counter_cmp_ge0000_cy<3>
    SLICE_X57Y80.COUT    Tbyp                  0.130   clock_1_Hz_generator/Mcompar_counter_cmp_ge0000_cy<5>
                                                       clock_1_Hz_generator/Mcompar_counter_cmp_ge0000_cy<4>
                                                       clock_1_Hz_generator/Mcompar_counter_cmp_ge0000_cy<5>
    SLICE_X57Y81.CIN     net (fanout=1)        0.000   clock_1_Hz_generator/Mcompar_counter_cmp_ge0000_cy<5>
    SLICE_X57Y81.COUT    Tbyp                  0.130   clock_1_Hz_generator/Mcompar_counter_cmp_ge0000_cy<7>
                                                       clock_1_Hz_generator/Mcompar_counter_cmp_ge0000_cy<6>
                                                       clock_1_Hz_generator/Mcompar_counter_cmp_ge0000_cy<7>
    SLICE_X57Y82.CIN     net (fanout=1)        0.000   clock_1_Hz_generator/Mcompar_counter_cmp_ge0000_cy<7>
    SLICE_X57Y82.COUT    Tbyp                  0.130   clock_1_Hz_generator/Mcompar_counter_cmp_ge0000_cy<9>
                                                       clock_1_Hz_generator/Mcompar_counter_cmp_ge0000_cy<8>
                                                       clock_1_Hz_generator/Mcompar_counter_cmp_ge0000_cy<9>
    SLICE_X57Y83.CIN     net (fanout=1)        0.000   clock_1_Hz_generator/Mcompar_counter_cmp_ge0000_cy<9>
    SLICE_X57Y83.COUT    Tbyp                  0.130   clock_1_Hz_generator/Mcompar_counter_cmp_ge0000_cy<11>
                                                       clock_1_Hz_generator/Mcompar_counter_cmp_ge0000_cy<10>
                                                       clock_1_Hz_generator/Mcompar_counter_cmp_ge0000_cy<11>
    SLICE_X57Y84.CIN     net (fanout=1)        0.000   clock_1_Hz_generator/Mcompar_counter_cmp_ge0000_cy<11>
    SLICE_X57Y84.COUT    Tbyp                  0.130   clock_1_Hz_generator/counter_cmp_ge0000
                                                       clock_1_Hz_generator/Mcompar_counter_cmp_ge0000_cy<12>
                                                       clock_1_Hz_generator/Mcompar_counter_cmp_ge0000_cy<13>
    SLICE_X59Y77.SR      net (fanout=16)       1.751   clock_1_Hz_generator/counter_cmp_ge0000
    SLICE_X59Y77.CLK     Tsrck                 0.867   clock_1_Hz_generator/counter<8>
                                                       clock_1_Hz_generator/counter_9
    -------------------------------------------------  ---------------------------
    Total                                      5.920ns (3.422ns logic, 2.498ns route)
                                                       (57.8% logic, 42.2% route)

--------------------------------------------------------------------------------

Hold Paths: NET "CLK_50M_BUFGP/IBUFG" PERIOD = 20 ns HIGH 50%;
--------------------------------------------------------------------------------

Paths for end point clock_1_Hz_generator/clk_out (SLICE_X61Y29.BY), 1 path
--------------------------------------------------------------------------------
Slack (hold path):      1.182ns (requirement - (clock path skew + uncertainty - data path))
  Source:               clock_1_Hz_generator/clk_out (FF)
  Destination:          clock_1_Hz_generator/clk_out (FF)
  Requirement:          0.000ns
  Data Path Delay:      1.182ns (Levels of Logic = 0)
  Clock Path Skew:      0.000ns
  Source Clock:         CLK_50M_BUFGP rising at 20.000ns
  Destination Clock:    CLK_50M_BUFGP rising at 20.000ns
  Clock Uncertainty:    0.000ns

  Minimum Data Path: clock_1_Hz_generator/clk_out to clock_1_Hz_generator/clk_out
    Location             Delay type         Delay(ns)  Physical Resource
                                                       Logical Resource(s)
    -------------------------------------------------  -------------------
    SLICE_X61Y29.YQ      Tcko                  0.464   clock_1_Hz_generator/clk_out
                                                       clock_1_Hz_generator/clk_out
    SLICE_X61Y29.BY      net (fanout=6)        0.578   clock_1_Hz_generator/clk_out
    SLICE_X61Y29.CLK     Tckdi       (-Th)    -0.140   clock_1_Hz_generator/clk_out
                                                       clock_1_Hz_generator/clk_out
    -------------------------------------------------  ---------------------------
    Total                                      1.182ns (0.604ns logic, 0.578ns route)
                                                       (51.1% logic, 48.9% route)

--------------------------------------------------------------------------------

Paths for end point clock_1_Hz_generator/counter_0 (SLICE_X59Y73.F4), 1 path
--------------------------------------------------------------------------------
Slack (hold path):      1.626ns (requirement - (clock path skew + uncertainty - data path))
  Source:               clock_1_Hz_generator/counter_0 (FF)
  Destination:          clock_1_Hz_generator/counter_0 (FF)
  Requirement:          0.000ns
  Data Path Delay:      1.626ns (Levels of Logic = 1)
  Clock Path Skew:      0.000ns
  Source Clock:         CLK_50M_BUFGP rising at 20.000ns
  Destination Clock:    CLK_50M_BUFGP rising at 20.000ns
  Clock Uncertainty:    0.000ns

  Minimum Data Path: clock_1_Hz_generator/counter_0 to clock_1_Hz_generator/counter_0
    Location             Delay type         Delay(ns)  Physical Resource
                                                       Logical Resource(s)
    -------------------------------------------------  -------------------
    SLICE_X59Y73.XQ      Tcko                  0.473   clock_1_Hz_generator/counter<0>
                                                       clock_1_Hz_generator/counter_0
    SLICE_X59Y73.F4      net (fanout=2)        0.306   clock_1_Hz_generator/counter<0>
    SLICE_X59Y73.CLK     Tckf        (-Th)    -0.847   clock_1_Hz_generator/counter<0>
                                                       clock_1_Hz_generator/Mcount_counter_lut<0>_INV_0
                                                       clock_1_Hz_generator/Mcount_counter_xor<0>
                                                       clock_1_Hz_generator/counter_0
    -------------------------------------------------  ---------------------------
    Total                                      1.626ns (1.320ns logic, 0.306ns route)
                                                       (81.2% logic, 18.8% route)

--------------------------------------------------------------------------------

Paths for end point clock_1_Hz_generator/counter_12 (SLICE_X59Y79.F4), 1 path
--------------------------------------------------------------------------------
Slack (hold path):      1.626ns (requirement - (clock path skew + uncertainty - data path))
  Source:               clock_1_Hz_generator/counter_12 (FF)
  Destination:          clock_1_Hz_generator/counter_12 (FF)
  Requirement:          0.000ns
  Data Path Delay:      1.626ns (Levels of Logic = 1)
  Clock Path Skew:      0.000ns
  Source Clock:         CLK_50M_BUFGP rising at 20.000ns
  Destination Clock:    CLK_50M_BUFGP rising at 20.000ns
  Clock Uncertainty:    0.000ns

  Minimum Data Path: clock_1_Hz_generator/counter_12 to clock_1_Hz_generator/counter_12
    Location             Delay type         Delay(ns)  Physical Resource
                                                       Logical Resource(s)
    -------------------------------------------------  -------------------
    SLICE_X59Y79.XQ      Tcko                  0.473   clock_1_Hz_generator/counter<12>
                                                       clock_1_Hz_generator/counter_12
    SLICE_X59Y79.F4      net (fanout=2)        0.306   clock_1_Hz_generator/counter<12>
    SLICE_X59Y79.CLK     Tckf        (-Th)    -0.847   clock_1_Hz_generator/counter<12>
                                                       clock_1_Hz_generator/counter<12>_rt
                                                       clock_1_Hz_generator/Mcount_counter_xor<12>
                                                       clock_1_Hz_generator/counter_12
    -------------------------------------------------  ---------------------------
    Total                                      1.626ns (1.320ns logic, 0.306ns route)
                                                       (81.2% logic, 18.8% route)

--------------------------------------------------------------------------------

Component Switching Limit Checks: NET "CLK_50M_BUFGP/IBUFG" PERIOD = 20 ns HIGH 50%;
--------------------------------------------------------------------------------
Slack: 18.518ns (period - (min low pulse limit / (low pulse / period)))
  Period: 20.000ns
  Low pulse: 10.000ns
  Low pulse limit: 0.741ns (Tcl)
  Physical resource: clock_1_Hz_generator/counter<0>/CLK
  Logical resource: clock_1_Hz_generator/counter_0/CK
  Location pin: SLICE_X59Y73.CLK
  Clock network: CLK_50M_BUFGP
--------------------------------------------------------------------------------
Slack: 18.518ns (period - (min high pulse limit / (high pulse / period)))
  Period: 20.000ns
  High pulse: 10.000ns
  High pulse limit: 0.741ns (Tch)
  Physical resource: clock_1_Hz_generator/counter<0>/CLK
  Logical resource: clock_1_Hz_generator/counter_0/CK
  Location pin: SLICE_X59Y73.CLK
  Clock network: CLK_50M_BUFGP
--------------------------------------------------------------------------------
Slack: 18.518ns (period - min period limit)
  Period: 20.000ns
  Min period limit: 1.482ns (674.764MHz) (Tcp)
  Physical resource: clock_1_Hz_generator/counter<0>/CLK
  Logical resource: clock_1_Hz_generator/counter_0/CK
  Location pin: SLICE_X59Y73.CLK
  Clock network: CLK_50M_BUFGP
--------------------------------------------------------------------------------

================================================================================
Timing constraint: OFFSET = IN 10 ns VALID 20 ns BEFORE COMP "CLK_50M";
For more information, see Offset In Analysis in the Timing Closure User Guide (UG612).

 0 paths analyzed, 0 endpoints analyzed, 0 failing endpoints
 0 timing errors detected.
--------------------------------------------------------------------------------

================================================================================
Timing constraint: OFFSET = OUT 20 ns AFTER COMP "CLK_50M";
For more information, see Offset Out Analysis in the Timing Closure User Guide (UG612).

 0 paths analyzed, 0 endpoints analyzed, 0 failing endpoints
 0 timing errors detected.
--------------------------------------------------------------------------------


All constraints were met.


Data Sheet report:
-----------------
All values displayed in nanoseconds (ns)

Clock to Setup on destination clock CLK_50M
---------------+---------+---------+---------+---------+
               | Src:Rise| Src:Fall| Src:Rise| Src:Fall|
Source Clock   |Dest:Rise|Dest:Rise|Dest:Fall|Dest:Fall|
---------------+---------+---------+---------+---------+
CLK_50M        |    6.880|         |         |         |
---------------+---------+---------+---------+---------+


Timing summary:
---------------

Timing errors: 0  Score: 0  (Setup/Max: 0, Hold: 0)

Constraints cover 1396 paths, 0 nets, and 114 connections

Design statistics:
   Minimum period:   6.880ns{1}   (Maximum frequency: 145.349MHz)


------------------------------------Footnotes-----------------------------------
1)  The minimum period statistic assumes all single cycle delays.

Analysis completed Tue Sep 21 17:18:24 2021 
--------------------------------------------------------------------------------

Trace Settings:
-------------------------
Trace Settings 

Peak Memory Usage: 373 MB



